<html>
<body>
<pre>
<h1>Vision Build Log</h1>
<h2>Project:</h2>
E:\单片机\智能小车\51智能小车\单片机实验\综合实验\test1.uvproj
Project File Date:  12/13/2019

<h2>Output:</h2>
Build target '目标 1'
assembling STARTUP.A51...
compiling test1.c...
linking...
Program Size: data=11.1 xdata=0 code=416
creating hex file from "test1"...
"test1" - 0 Error(s), 0 Warning(s).
Build target '目标 1'
assembling STARTUP.A51...
compiling test1.c...
TEST1.C(119): error C141: syntax error near 'int'
TEST1.C(119): error C202: 'per_val': undefined identifier
TEST1.C(124): error C202: 'per_val': undefined identifier
TEST1.C(125): error C202: 'per_val': undefined identifier
TEST1.C(127): error C202: 'per_val': undefined identifier
目标未创建
Build target '目标 1'
assembling STARTUP.A51...
compiling test1.c...
TEST1.C(119): error C141: syntax error near 'uint'
TEST1.C(119): error C202: 'per_val': undefined identifier
TEST1.C(124): error C202: 'per_val': undefined identifier
TEST1.C(125): error C202: 'per_val': undefined identifier
TEST1.C(127): error C202: 'per_val': undefined identifier
目标未创建
Build target '目标 1'
assembling STARTUP.A51...
compiling test1.c...
TEST1.C(119): error C141: syntax error near 'uint'
TEST1.C(119): error C202: 'per_val': undefined identifier
TEST1.C(124): error C202: 'per_val': undefined identifier
TEST1.C(125): error C202: 'per_val': undefined identifier
TEST1.C(127): error C202: 'per_val': undefined identifier
目标未创建
Build target '目标 1'
assembling STARTUP.A51...
compiling test1.c...
TEST1.C(119): error C141: syntax error near 'uint'
TEST1.C(119): error C202: 'p_val': undefined identifier
TEST1.C(124): error C202: 'p_val': undefined identifier
TEST1.C(125): error C202: 'p_val': undefined identifier
TEST1.C(127): error C202: 'p_val': undefined identifier
目标未创建
Build target '目标 1'
assembling STARTUP.A51...
compiling test1.c...
linking...
Program Size: data=13.1 xdata=0 code=442
creating hex file from "test1"...
"test1" - 0 Error(s), 0 Warning(s).
Build target '目标 1'
assembling STARTUP.A51...
compiling test1.c...
linking...
Program Size: data=11.1 xdata=0 code=430
creating hex file from "test1"...
"test1" - 0 Error(s), 0 Warning(s).
Build target '目标 1'
compiling test1.c...
linking...
Program Size: data=13.1 xdata=0 code=438
creating hex file from "test1"...
"test1" - 0 Error(s), 0 Warning(s).
Build target '目标 1'
assembling STARTUP.A51...
compiling test1.c...
linking...
*** WARNING L16: UNCALLED SEGMENT, IGNORED FOR OVERLAY PROCESS
    SEGMENT: ?PR?_SEND_MSG?TEST1
Program Size: data=13.1 xdata=0 code=431
creating hex file from "test1"...
"test1" - 0 Error(s), 1 Warning(s).
Build target '目标 1'
assembling STARTUP.A51...
compiling test1.c...
linking...
Program Size: data=13.1 xdata=0 code=396
creating hex file from "test1"...
"test1" - 0 Error(s), 0 Warning(s).
Build target '目标 1'
assembling STARTUP.A51...
compiling test1.c...
linking...
Program Size: data=13.1 xdata=0 code=393
creating hex file from "test1"...
"test1" - 0 Error(s), 0 Warning(s).
Build target '目标 1'
compiling test1.c...
TEST1.C(122): error C202: 'key_val': undefined identifier
TEST1.C(125): error C202: 'key_val': undefined identifier
TEST1.C(126): error C202: 'key_val': undefined identifier
TEST1.C(128): error C202: 'key_val': undefined identifier
目标未创建
Build target '目标 1'
compiling test1.c...
linking...
Program Size: data=15.1 xdata=0 code=398
creating hex file from "test1"...
"test1" - 0 Error(s), 0 Warning(s).
