<html>
<body>
<pre>
<h1>Vision Build Log</h1>
<h2>Project:</h2>
E:\单片机\智能小车\51智能小车\单片机实验\综合实验\test2.uvproj
Project File Date:  12/13/2019

<h2>Output:</h2>
Build target '目标 1'
compiling test2.c...
TEST2.C(62): error C141: syntax error near 'unsigned'
TEST2.C(62): error C202: 'temp': undefined identifier
TEST2.C(71): error C202: 'temp': undefined identifier
目标未创建
Build target '目标 1'
compiling test2.c...
linking...
Program Size: data=50.3 xdata=0 code=235
creating hex file from "test2"...
"test2" - 0 Error(s), 0 Warning(s).
Build target '目标 1'
compiling test2.c...
linking...
Program Size: data=50.3 xdata=0 code=366
creating hex file from "test2"...
"test2" - 0 Error(s), 0 Warning(s).
Build target '目标 1'
compiling test2.c...
linking...
Program Size: data=50.3 xdata=0 code=364
creating hex file from "test2"...
"test2" - 0 Error(s), 0 Warning(s).
Build target '目标 1'
compiling test2.c...
linking...
Program Size: data=50.3 xdata=0 code=235
creating hex file from "test2"...
"test2" - 0 Error(s), 0 Warning(s).
Build target '目标 1'
compiling test2.c...
TEST2.C(8): error C129: missing ';' before 'code'
目标未创建
Build target '目标 1'
compiling test2.c...
TEST2.C(63): warning C206: 'Decode': missing function-prototype
TEST2.C(86): warning C206: 'fenjie': missing function-prototype
TEST2.C(44): warning C291: not every exit path returns a value
linking...
*** WARNING L1: UNRESOLVED EXTERNAL SYMBOL
    SYMBOL:  FENJIE
    MODULE:  test2.obj (TEST2)
*** WARNING L2: REFERENCE MADE TO UNRESOLVED EXTERNAL
    SYMBOL:  FENJIE
    MODULE:  test2.obj (TEST2)
    ADDRESS: 0072H
*** WARNING L2: REFERENCE MADE TO UNRESOLVED EXTERNAL
    SYMBOL:  FENJIE
    MODULE:  test2.obj (TEST2)
    ADDRESS: 00A4H
Program Size: data=17.0 xdata=0 code=448
creating hex file from "test2"...
"test2" - 0 Error(s), 6 Warning(s).
Build target '目标 1'
compiling test2.c...
TEST2.C(63): warning C206: 'Decode': missing function-prototype
TEST2.C(44): warning C291: not every exit path returns a value
linking...
Program Size: data=17.0 xdata=0 code=430
creating hex file from "test2"...
"test2" - 0 Error(s), 2 Warning(s).
Build target '目标 1'
compiling test2.c...
TEST2.C(44): warning C291: not every exit path returns a value
linking...
Program Size: data=17.0 xdata=0 code=435
creating hex file from "test2"...
"test2" - 0 Error(s), 1 Warning(s).
Build target '目标 1'
compiling test2.c...
TEST2.C(50): warning C291: not every exit path returns a value
linking...
Program Size: data=17.0 xdata=0 code=459
creating hex file from "test2"...
"test2" - 0 Error(s), 1 Warning(s).
Build target '目标 1'
compiling test2.c...
TEST2.C(50): warning C291: not every exit path returns a value
linking...
Program Size: data=17.0 xdata=0 code=460
creating hex file from "test2"...
"test2" - 0 Error(s), 1 Warning(s).
Build target '目标 1'
compiling test2.c...
TEST2.C(50): warning C291: not every exit path returns a value
linking...
Program Size: data=17.0 xdata=0 code=472
creating hex file from "test2"...
"test2" - 0 Error(s), 1 Warning(s).
Build target '目标 1'
compiling test2.c...
TEST2.C(50): warning C291: not every exit path returns a value
linking...
Program Size: data=17.0 xdata=0 code=476
creating hex file from "test2"...
"test2" - 0 Error(s), 1 Warning(s).
Build target '目标 1'
compiling test2.c...
TEST2.C(50): warning C291: not every exit path returns a value
linking...
Program Size: data=17.0 xdata=0 code=476
creating hex file from "test2"...
"test2" - 0 Error(s), 1 Warning(s).
Build target '目标 1'
compiling test2.c...
TEST2.C(50): warning C291: not every exit path returns a value
linking...
Program Size: data=17.0 xdata=0 code=476
creating hex file from "test2"...
"test2" - 0 Error(s), 1 Warning(s).
